         ps       /mp1_tb/mem_address                
          delta       /mp1_tb/mem_write              
                  /mp1_tb/mem_byte_enable            
                             /mp1_tb/mem_wdata       
          0  +0                  xxxx x x xxxx 
          0  +1                  0000 0 3 0000 
    3155000  +7                  00f4 1 3 01e0 
    3385000  +4                  00f4 0 3 01e0 
    5225000  +7                  00f6 1 3 000a 
    5455000  +4                  00f6 0 3 000a 
    6515000  +7                  00f8 1 3 4537 
    6745000  +4                  00f8 0 3 4537 
   10205000  +7                  00fa 1 3 a342 
   10435000  +4                  00fa 0 3 a342 
   10715000  +7                  00fc 1 3 01a1 
   10945000  +4                  00fc 0 3 01a1 
   11225000  +7                  00fe 1 3 fe62 
   11455000  +4                  00fe 0 3 fe62 
   12005000  +7                  0102 1 3 0100 
   12235000  +4                  0102 0 3 0100 
   13015000  +7                  0100 1 3 fe6f 
   13245000  +4                  0100 0 3 fe6f 
   21355000  +7                  0102 1 3 001a 
   21585000  +4                  0102 0 3 001a 
   23185000  +7                  0104 1 3 ff9b 
   23415000  +4                  0104 0 3 ff9b 
   24505000  +7                  0106 1 3 000d 
   24735000  +4                  0106 0 3 000d 
   27085000  +7                  0108 1 3 517a 
   27315000  +4                  0108 0 3 517a 
   29425000  +7                  010a 1 3 010a 
   29655000  +4                  010a 0 3 010a 
   30745000  +7                  010d 1 2 9000 
   30975000  +4                  010d 0 3 9000 
   31255000  +7                  010c 1 1 0083 
   31485000  +4                  010c 0 3 0083 
   32275000  +7                  010a 1 3 9083 
   32505000  +4                  010a 0 3 9083 
   33055000  +7                  0110 1 3 00f2 
   33285000  +4                  0110 0 3 00f2 
   34315000  +7                  010e 1 3 0646 
   34545000  +4                  010e 0 3 0646 
   36145000  +7                  00a2 1 3 126c 
   36375000  +4                  00a2 0 3 126c 
   36925000  +7                  0112 1 3 000c 
   37155000  +4                  0112 0 3 000c 
   38485000  +7                  0114 1 3 ae85 
   38715000  +4                  0114 0 3 ae85 
   41875000  +7                  0116 1 3 600d 
   42105000  +4                  0116 0 3 600d 
   43475000  +7                  0118 1 3 00d8 
   43705000  +4                  0118 0 3 00d8 
